<?xml version="1.0" encoding="UTF-8"?>
<!-- Generated by org.testng.reporters.JUnitXMLReporter -->
<testsuite hostname="DESKTOP-2E45Q8T" name="Test2" tests="2" failures="1" timestamp="2 Jan 2021 10:15:35 GMT" time="0.063" errors="0">
  <testcase name="login" time="0.025" classname="com.subash.testing.TestLogin">
    <failure type="java.lang.NullPointerException">
      <![CDATA[java.lang.NullPointerException
	at com.subash.testing.TestLogin.login(TestLogin.java:79)
	at java.util.concurrent.FutureTask.run(FutureTask.java:266)
	at java.util.concurrent.ThreadPoolExecutor.runWorker(ThreadPoolExecutor.java:1149)
	at java.util.concurrent.ThreadPoolExecutor$Worker.run(ThreadPoolExecutor.java:624)
	at java.lang.Thread.run(Thread.java:748)
... Removed 16 stack frames]]>
    </failure>
  </testcase> <!-- login -->
  <testcase name="register" time="0.001" classname="com.subash.testing.TestLogin">
    <skipped/>
  </testcase> <!-- register -->
</testsuite> <!-- Test2 -->
