<?xml version="1.0" encoding="UTF-8"?>
<testng-results skipped="0" failed="0" total="2" passed="2">
  <reporter-output>
  </reporter-output>
  <suite name="Suite2" duration-ms="32361" started-at="2021-01-04T07:56:04Z" finished-at="2021-01-04T07:56:37Z">
    <groups>
    </groups>
    <test name="Test2" duration-ms="32361" started-at="2021-01-04T07:56:04Z" finished-at="2021-01-04T07:56:37Z">
      <class name="com.subash.testing.parallel_testing">
        <test-method status="PASS" signature="FirefoxTest()[pri:0, instance:com.subash.testing.parallel_testing@7f010382]" name="FirefoxTest" duration-ms="32183" started-at="2021-01-04T13:41:04Z" finished-at="2021-01-04T13:41:36Z">
          <reporter-output>
          </reporter-output>
        </test-method> <!-- FirefoxTest -->
        <test-method status="PASS" signature="ChromeTest()[pri:0, instance:com.subash.testing.parallel_testing@7f010382]" name="ChromeTest" duration-ms="32325" started-at="2021-01-04T13:41:04Z" finished-at="2021-01-04T13:41:37Z">
          <reporter-output>
          </reporter-output>
        </test-method> <!-- ChromeTest -->
      </class> <!-- com.subash.testing.parallel_testing -->
    </test> <!-- Test2 -->
  </suite> <!-- Suite2 -->
</testng-results>
